Using pre-set license
Built from '2020.3/staging' branch; Version is '2020.3.0f1 (c7b5465681fb) revision 13088070'; Using compiler version '192528614'; Build Type 'Release'
OS: 'Windows 10 Pro; OS build 19041.985; Version 2004; 64bit' Language: 'tr' Physical Memory: 8044 MB
BatchMode: 1, IsHumanControllingUs: 0, StartBugReporterOnCrash: 0, Is64bit: 1, IsPro: 0

 COMMAND LINE ARGUMENTS:
C:\Program Files\Unity\Editor\Unity.exe
-adb2
-batchMode
-noUpm
-name
AssetImportWorker0
-projectPath
C:/Users/samet/Desktop/kosuoyun/kosuoyun
-logFile
Logs/AssetImportWorker0.log
-srvPort
49925
Successfully changed project path to: C:/Users/samet/Desktop/kosuoyun/kosuoyun
C:/Users/samet/Desktop/kosuoyun/kosuoyun
Using Asset Import Pipeline V2.
Refreshing native plugins compatible for Editor in 23.98 ms, found 0 plugins.
Preloading 0 native plugins for Editor in 0.00 ms.
Initialize engine version: 2020.3.0f1 (c7b5465681fb)
[Subsystems] Discovering subsystems at path C:/Program Files/Unity/Editor/Data/Resources/UnitySubsystems
[Subsystems] Discovering subsystems at path C:/Users/samet/Desktop/kosuoyun/kosuoyun/Assets
GfxDevice: creating device client; threaded=0
Direct3D:
    Version:  Direct3D 11.0 [level 11.1]
    Renderer: NVIDIA GeForce GTX 1650 (ID=0x1f91)
    Vendor:   
    VRAM:     3962 MB
    Driver:   27.21.14.6109
Initialize mono
Mono path[0] = 'C:/Program Files/Unity/Editor/Data/Managed'
Mono path[1] = 'C:/Program Files/Unity/Editor/Data/MonoBleedingEdge/lib/mono/unityjit'
Mono config path = 'C:/Program Files/Unity/Editor/Data/MonoBleedingEdge/etc'
Using monoOptions --debugger-agent=transport=dt_socket,embedding=1,server=y,suspend=n,address=127.0.0.1:56220
Begin MonoManager ReloadAssembly
Registering precompiled unity dll's ...
Register platform support module: C:/Program Files/Unity/Editor/Data/PlaybackEngines/WindowsStandaloneSupport/UnityEditor.WindowsStandalone.Extensions.dll
Registered in 0.001438 seconds.
Native extension for WindowsStandalone target not found
Refreshing native plugins compatible for Editor in 28.90 ms, found 0 plugins.
Preloading 0 native plugins for Editor in 0.00 ms.
Invoked RoslynAnalysisRunner static constructor.
RoslynAnalysisRunner will not be running.
RoslynAnalysisRunner has terminated.
Mono: successfully reloaded assembly
- Completed reload, in  1.059 seconds
Platform modules already initialized, skipping
Registering precompiled user dll's ...
Registered in 0.000819 seconds.
Begin MonoManager ReloadAssembly
Native extension for WindowsStandalone target not found
Refreshing native plugins compatible for Editor in 0.37 ms, found 0 plugins.
Preloading 0 native plugins for Editor in 0.00 ms.
Invoked RoslynAnalysisRunner static constructor.
RoslynAnalysisRunner will not be running.
RoslynAnalysisRunner has terminated.
Mono: successfully reloaded assembly
- Completed reload, in  0.853 seconds
Platform modules already initialized, skipping
========================================================================
Worker process is ready to serve import requests
Launched and connected shader compiler UnityShaderCompiler.exe after 0.04 seconds
Refreshing native plugins compatible for Editor in 0.50 ms, found 0 plugins.
Preloading 0 native plugins for Editor in 0.00 ms.
Unloading 1247 Unused Serialized files (Serialized files now loaded: 0)
System memory in use before: 69.9 MB.
System memory in use after: 70.0 MB.

Unloading 9 unused Assets to reduce memory usage. Loaded Objects now: 1694.
Total: 3.054900 ms (FindLiveObjects: 0.357000 ms CreateObjectMapping: 0.478100 ms MarkObjects: 2.150400 ms  DeleteObjects: 0.067800 ms)

========================================================================
Received Import Request.
  path: Assets/Fox
  artifactKey: Guid(71fb6a700b584f842845da7f363e678a) Importer(815301076,1909f56bfc062723c751e8b465ee728b)
Start importing Assets/Fox using Guid(71fb6a700b584f842845da7f363e678a) Importer(815301076,1909f56bfc062723c751e8b465ee728b)  -> (artifact id: 'a2949b286b490396f6f4d6e82bc70cc9') in 0.006843 seconds
  Import took 0.009385 seconds .

========================================================================
Received Prepare
Registering precompiled user dll's ...
Registered in 0.002227 seconds.
Begin MonoManager ReloadAssembly
Native extension for WindowsStandalone target not found
Refreshing native plugins compatible for Editor in 0.24 ms, found 0 plugins.
Preloading 0 native plugins for Editor in 0.00 ms.
Invoked RoslynAnalysisRunner static constructor.
RoslynAnalysisRunner will not be running.
RoslynAnalysisRunner has terminated.
Mono: successfully reloaded assembly
- Completed reload, in  0.836 seconds
Platform modules already initialized, skipping
Refreshing native plugins compatible for Editor in 0.23 ms, found 0 plugins.
Preloading 0 native plugins for Editor in 0.00 ms.
Unloading 1209 Unused Serialized files (Serialized files now loaded: 0)
System memory in use before: 67.3 MB.
System memory in use after: 67.4 MB.

Unloading 4 unused Assets to reduce memory usage. Loaded Objects now: 1697.
Total: 2.078500 ms (FindLiveObjects: 0.222500 ms CreateObjectMapping: 0.078800 ms MarkObjects: 1.743600 ms  DeleteObjects: 0.032000 ms)

========================================================================
Received Import Request.
  Time since last request: 157.889473 seconds.
  path: Assets/Fox/Animations/Fox_ Animator_Controller.controller
  artifactKey: Guid(0c5b7ffa0a986b24ea0ddfc7e545c76b) Importer(815301076,1909f56bfc062723c751e8b465ee728b)
Start importing Assets/Fox/Animations/Fox_ Animator_Controller.controller using Guid(0c5b7ffa0a986b24ea0ddfc7e545c76b) Importer(815301076,1909f56bfc062723c751e8b465ee728b)  -> (artifact id: '9d7029cad54e760a131c724f9429dee0') in 0.039236 seconds
  Import took 0.043051 seconds .

========================================================================
Received Import Request.
  Time since last request: 10.563213 seconds.
  path: Assets/Script/PlayerKontrol.cs
  artifactKey: Guid(be5eb9e6672a43f45a59df445d66e0e9) Importer(815301076,1909f56bfc062723c751e8b465ee728b)
Start importing Assets/Script/PlayerKontrol.cs using Guid(be5eb9e6672a43f45a59df445d66e0e9) Importer(815301076,1909f56bfc062723c751e8b465ee728b)  -> (artifact id: 'f8d1bf890560d4bf3b04c2945e64da11') in 0.006423 seconds
  Import took 0.008394 seconds .

========================================================================
Received Import Request.
  Time since last request: 0.409287 seconds.
  path: Assets/Script/PlayerKontrol.cs
  artifactKey: Guid(be5eb9e6672a43f45a59df445d66e0e9) Importer(815301076,1909f56bfc062723c751e8b465ee728b)
Start importing Assets/Script/PlayerKontrol.cs using Guid(be5eb9e6672a43f45a59df445d66e0e9) Importer(815301076,1909f56bfc062723c751e8b465ee728b)  -> (artifact id: 'f8d1bf890560d4bf3b04c2945e64da11') in 0.001327 seconds
  Import took 0.003249 seconds .

========================================================================
Received Prepare
Registering precompiled user dll's ...
Registered in 0.000768 seconds.
Begin MonoManager ReloadAssembly
Native extension for WindowsStandalone target not found
Refreshing native plugins compatible for Editor in 0.27 ms, found 0 plugins.
Preloading 0 native plugins for Editor in 0.00 ms.
Invoked RoslynAnalysisRunner static constructor.
RoslynAnalysisRunner will not be running.
RoslynAnalysisRunner has terminated.
Mono: successfully reloaded assembly
- Completed reload, in  0.789 seconds
Platform modules already initialized, skipping
Refreshing native plugins compatible for Editor in 0.23 ms, found 0 plugins.
Preloading 0 native plugins for Editor in 0.00 ms.
Unloading 1209 Unused Serialized files (Serialized files now loaded: 0)
System memory in use before: 67.3 MB.
System memory in use after: 67.4 MB.

Unloading 4 unused Assets to reduce memory usage. Loaded Objects now: 1700.
Total: 1.467100 ms (FindLiveObjects: 0.135200 ms CreateObjectMapping: 0.034200 ms MarkObjects: 1.284400 ms  DeleteObjects: 0.012400 ms)

========================================================================
Received Prepare
Registering precompiled user dll's ...
Registered in 0.000855 seconds.
Begin MonoManager ReloadAssembly
Native extension for WindowsStandalone target not found
Refreshing native plugins compatible for Editor in 0.24 ms, found 0 plugins.
Preloading 0 native plugins for Editor in 0.00 ms.
Invoked RoslynAnalysisRunner static constructor.
RoslynAnalysisRunner will not be running.
RoslynAnalysisRunner has terminated.
Mono: successfully reloaded assembly
- Completed reload, in  0.897 seconds
Platform modules already initialized, skipping
Refreshing native plugins compatible for Editor in 0.30 ms, found 0 plugins.
Preloading 0 native plugins for Editor in 0.00 ms.
Unloading 1209 Unused Serialized files (Serialized files now loaded: 0)
System memory in use before: 67.3 MB.
System memory in use after: 67.4 MB.

Unloading 4 unused Assets to reduce memory usage. Loaded Objects now: 1703.
Total: 1.853600 ms (FindLiveObjects: 0.144100 ms CreateObjectMapping: 0.043200 ms MarkObjects: 1.644900 ms  DeleteObjects: 0.018900 ms)

========================================================================
Received Import Request.
  Time since last request: 842.320552 seconds.
  path: Assets
  artifactKey: Guid(00000000000000001000000000000000) Importer(815301076,1909f56bfc062723c751e8b465ee728b)
Start importing Assets using Guid(00000000000000001000000000000000) Importer(815301076,1909f56bfc062723c751e8b465ee728b)  -> (artifact id: '42baae205c97e3337697759514652acd') in 0.005198 seconds
  Import took 0.008274 seconds .

========================================================================
Received Import Request.
  Time since last request: 0.000928 seconds.
  path: Assets
  artifactKey: Guid(00000000000000001000000000000000) Importer(815301076,1909f56bfc062723c751e8b465ee728b)
Start importing Assets using Guid(00000000000000001000000000000000) Importer(815301076,1909f56bfc062723c751e8b465ee728b)  -> (artifact id: '42baae205c97e3337697759514652acd') in 0.002358 seconds
  Import took 0.007110 seconds .

========================================================================
Received Import Request.
  Time since last request: 6.378994 seconds.
  path: Assets/traps
  artifactKey: Guid(58bdb53806adb704e854cf2a1c263e99) Importer(815301076,1909f56bfc062723c751e8b465ee728b)
Start importing Assets/traps using Guid(58bdb53806adb704e854cf2a1c263e99) Importer(815301076,1909f56bfc062723c751e8b465ee728b)  -> (artifact id: '078cf734e08e6b3c57d48edc48ab4991') in 0.001561 seconds
  Import took 0.004441 seconds .

========================================================================
Received Import Request.
  Time since last request: 7.198611 seconds.
  path: Assets/traps/source
  artifactKey: Guid(6a02d087d84e09f4b8a9e9a12dd7883c) Importer(815301076,1909f56bfc062723c751e8b465ee728b)
Start importing Assets/traps/source using Guid(6a02d087d84e09f4b8a9e9a12dd7883c) Importer(815301076,1909f56bfc062723c751e8b465ee728b)  -> (artifact id: 'afe1550d7861957c1557533a81310c95') in 0.001445 seconds
  Import took 0.003607 seconds .

========================================================================
Received Import Request.
  Time since last request: 0.066281 seconds.
  path: Assets/traps/source/trap 1.fbx
  artifactKey: Guid(0a2025e38a0a20b40b60bb0f03b1dbfe) Importer(815301076,1909f56bfc062723c751e8b465ee728b)
Start importing Assets/traps/source/trap 1.fbx using Guid(0a2025e38a0a20b40b60bb0f03b1dbfe) Importer(815301076,1909f56bfc062723c751e8b465ee728b)  -> (artifact id: 'fb34a3205df9b593209c234cd9fb5e63') in 0.147046 seconds
  Import took 0.149076 seconds .

========================================================================
Received Import Request.
  Time since last request: 38.387490 seconds.
  path: Assets/traps/textures
  artifactKey: Guid(06b1feb493b24e743b766337ebf44efc) Importer(815301076,1909f56bfc062723c751e8b465ee728b)
Start importing Assets/traps/textures using Guid(06b1feb493b24e743b766337ebf44efc) Importer(815301076,1909f56bfc062723c751e8b465ee728b)  -> (artifact id: '72636b47e0de98994fdd1d142b7a04a3') in 0.001569 seconds
  Import took 0.004748 seconds .

========================================================================
Received Import Request.
  Time since last request: 0.001213 seconds.
  path: Assets/traps/textures
  artifactKey: Guid(06b1feb493b24e743b766337ebf44efc) Importer(815301076,1909f56bfc062723c751e8b465ee728b)
Start importing Assets/traps/textures using Guid(06b1feb493b24e743b766337ebf44efc) Importer(815301076,1909f56bfc062723c751e8b465ee728b)  -> (artifact id: '72636b47e0de98994fdd1d142b7a04a3') in 0.001366 seconds
  Import took 0.003401 seconds .

========================================================================
Received Import Request.
  Time since last request: 0.070551 seconds.
  path: Assets/traps/textures/spears_DefaultMaterial_DiffuseGlossiness.png
  artifactKey: Guid(8f1f65bdbe7bfbe45bd3d02e61fa51a5) Importer(815301076,1909f56bfc062723c751e8b465ee728b)
Start importing Assets/traps/textures/spears_DefaultMaterial_DiffuseGlossiness.png using Guid(8f1f65bdbe7bfbe45bd3d02e61fa51a5) Importer(815301076,1909f56bfc062723c751e8b465ee728b)  -> (artifact id: 'd60abe3912a9c5b26676e3595af493d6') in 0.038272 seconds
  Import took 0.042938 seconds .

========================================================================
Received Import Request.
  Time since last request: 0.000247 seconds.
  path: Assets/traps/textures/spears_DefaultMaterial_Normal.png
  artifactKey: Guid(a1f5a59f41eefd54db3f8562927597a6) Importer(815301076,1909f56bfc062723c751e8b465ee728b)
Start importing Assets/traps/textures/spears_DefaultMaterial_Normal.png using Guid(a1f5a59f41eefd54db3f8562927597a6) Importer(815301076,1909f56bfc062723c751e8b465ee728b)  -> (artifact id: 'f06d332c900d6742071768e87c4ff383') in 0.006608 seconds
  Import took 0.009473 seconds .

========================================================================
Received Import Request.
  Time since last request: 0.000227 seconds.
  path: Assets/traps/textures/spears_DefaultMaterial_Metalness.png
  artifactKey: Guid(38bf6103cfcfbea448b0059f4ef01e2f) Importer(815301076,1909f56bfc062723c751e8b465ee728b)
Start importing Assets/traps/textures/spears_DefaultMaterial_Metalness.png using Guid(38bf6103cfcfbea448b0059f4ef01e2f) Importer(815301076,1909f56bfc062723c751e8b465ee728b)  -> (artifact id: '875cfefe8150ddf07d93b8dcf651d49a') in 0.011113 seconds
  Import took 0.014089 seconds .

========================================================================
Received Import Request.
  Time since last request: 29.823239 seconds.
  path: Assets/traps/textures/New Material.mat
  artifactKey: Guid(1242f0e6297bbab4abf71d1346886153) Importer(815301076,1909f56bfc062723c751e8b465ee728b)
Start importing Assets/traps/textures/New Material.mat using Guid(1242f0e6297bbab4abf71d1346886153) Importer(815301076,1909f56bfc062723c751e8b465ee728b)  -> (artifact id: '37dc25e832a19b50e8e11e46857beee9') in 0.055370 seconds
  Import took 0.057870 seconds .

========================================================================
Received Import Request.
  Time since last request: 5.005799 seconds.
  path: Assets/Fantasy Forest Environment Free Sample/Textures/bark01_bottom.tga
  artifactKey: Guid(4e44992d8a199a546aeaaa6ebc63b91a) Importer(815301076,1909f56bfc062723c751e8b465ee728b)
Start importing Assets/Fantasy Forest Environment Free Sample/Textures/bark01_bottom.tga using Guid(4e44992d8a199a546aeaaa6ebc63b91a) Importer(815301076,1909f56bfc062723c751e8b465ee728b)  -> (artifact id: '8285640484042f2de2c2361a81c12b1a') in 0.012496 seconds
  Import took 0.019069 seconds .

========================================================================
Received Import Request.
  Time since last request: 0.000359 seconds.
  path: Assets/IL3DN/Graphics/Textures/IL3DN_Bark_Pine.psd
  artifactKey: Guid(e632c8e2a28f7e445a58672b91bfd65e) Importer(815301076,1909f56bfc062723c751e8b465ee728b)
Start importing Assets/IL3DN/Graphics/Textures/IL3DN_Bark_Pine.psd using Guid(e632c8e2a28f7e445a58672b91bfd65e) Importer(815301076,1909f56bfc062723c751e8b465ee728b)  -> (artifact id: 'e94ec6b5f8ab75c062f969b789e00861') in 0.011576 seconds
  Import took 0.013679 seconds .

========================================================================
Received Import Request.
  Time since last request: 0.000235 seconds.
  path: Assets/IL3DN/Graphics/Textures/IL3DN_Grass_02.psd
  artifactKey: Guid(2038a37a87e1eff4fa5efd69c9d1312e) Importer(815301076,1909f56bfc062723c751e8b465ee728b)
Start importing Assets/IL3DN/Graphics/Textures/IL3DN_Grass_02.psd using Guid(2038a37a87e1eff4fa5efd69c9d1312e) Importer(815301076,1909f56bfc062723c751e8b465ee728b)  -> (artifact id: 'ba048edca1ada7fd5b1e232c94ff09b3') in 0.009872 seconds
  Import took 0.012384 seconds .

========================================================================
Received Import Request.
  Time since last request: 0.000252 seconds.
  path: Assets/BrokenVector/FreeLowPolyPack/Textures/Occlusion Fence.png
  artifactKey: Guid(e6b815121a9ab9042a015f0766222deb) Importer(815301076,1909f56bfc062723c751e8b465ee728b)
Start importing Assets/BrokenVector/FreeLowPolyPack/Textures/Occlusion Fence.png using Guid(e6b815121a9ab9042a015f0766222deb) Importer(815301076,1909f56bfc062723c751e8b465ee728b)  -> (artifact id: 'e50e2543943c5a4b8555cbd579dbb8a2') in 0.012821 seconds
  Import took 0.016733 seconds .

========================================================================
Received Import Request.
  Time since last request: 0.000425 seconds.
  path: Assets/Fantasy Forest Environment Free Sample/Textures/grassmesh.png
  artifactKey: Guid(4e364662e65fd2d4a995a4efe45af277) Importer(815301076,1909f56bfc062723c751e8b465ee728b)
Start importing Assets/Fantasy Forest Environment Free Sample/Textures/grassmesh.png using Guid(4e364662e65fd2d4a995a4efe45af277) Importer(815301076,1909f56bfc062723c751e8b465ee728b)  -> (artifact id: 'b30875ab42ee66e4308b36bb63b68f17') in 0.009684 seconds
  Import took 0.012312 seconds .

========================================================================
Received Import Request.
  Time since last request: 0.000195 seconds.
  path: Assets/Fantasy Forest Environment Free Sample/Textures/grass01_b.tga
  artifactKey: Guid(b69992f31e7145e4ba49aa8118c5541c) Importer(815301076,1909f56bfc062723c751e8b465ee728b)
Start importing Assets/Fantasy Forest Environment Free Sample/Textures/grass01_b.tga using Guid(b69992f31e7145e4ba49aa8118c5541c) Importer(815301076,1909f56bfc062723c751e8b465ee728b)  -> (artifact id: '127e95b65f47c0416ca1edae5bb82004') in 0.013786 seconds
  Import took 0.016294 seconds .

========================================================================
Received Import Request.
  Time since last request: 0.000299 seconds.
  path: Assets/Fox/Textures/T_Fox_Normal.png
  artifactKey: Guid(928b919063a51c0419938a86dfc30832) Importer(815301076,1909f56bfc062723c751e8b465ee728b)
Start importing Assets/Fox/Textures/T_Fox_Normal.png using Guid(928b919063a51c0419938a86dfc30832) Importer(815301076,1909f56bfc062723c751e8b465ee728b)  -> (artifact id: '45e9ea483a5360b271dd894e83b88d48') in 0.024139 seconds
  Import took 0.029209 seconds .

========================================================================
Received Import Request.
  Time since last request: 0.000332 seconds.
  path: Assets/Fox/Textures/T_Fox_AO.png
  artifactKey: Guid(de207d8f5cd3bc944807063352ece8be) Importer(815301076,1909f56bfc062723c751e8b465ee728b)
Start importing Assets/Fox/Textures/T_Fox_AO.png using Guid(de207d8f5cd3bc944807063352ece8be) Importer(815301076,1909f56bfc062723c751e8b465ee728b)  -> (artifact id: '6831a284a092fcfe91dbd0fb5e5f7d9b') in 0.017035 seconds
  Import took 0.019471 seconds .

========================================================================
Received Import Request.
  Time since last request: 0.000255 seconds.
  path: Assets/IL3DN/Graphics/Textures/IL3DN_Backdrop.png
  artifactKey: Guid(6b7835b292988be4e811a364b30621d9) Importer(815301076,1909f56bfc062723c751e8b465ee728b)
Start importing Assets/IL3DN/Graphics/Textures/IL3DN_Backdrop.png using Guid(6b7835b292988be4e811a364b30621d9) Importer(815301076,1909f56bfc062723c751e8b465ee728b)  -> (artifact id: '404af8aa459d8a4059559dad73cd676e') in 0.159057 seconds
  Import took 0.161847 seconds .

========================================================================
Received Import Request.
  Time since last request: 0.000163 seconds.
  path: Assets/Fantasy Forest Environment Free Sample/Textures/dirt01.tga
  artifactKey: Guid(30ec70ef60a2bb54ea2df6f72c77bdc6) Importer(815301076,1909f56bfc062723c751e8b465ee728b)
Start importing Assets/Fantasy Forest Environment Free Sample/Textures/dirt01.tga using Guid(30ec70ef60a2bb54ea2df6f72c77bdc6) Importer(815301076,1909f56bfc062723c751e8b465ee728b)  -> (artifact id: '848d3c9403ec0bedb79ab2996a93293d') in 0.007108 seconds
  Import took 0.009294 seconds .

========================================================================
Received Import Request.
  Time since last request: 0.000305 seconds.
  path: Assets/IL3DN/Graphics/Textures/IL3DN_Pine_01.psd
  artifactKey: Guid(f6ca14d1b28767248b6da146831632a1) Importer(815301076,1909f56bfc062723c751e8b465ee728b)
Start importing Assets/IL3DN/Graphics/Textures/IL3DN_Pine_01.psd using Guid(f6ca14d1b28767248b6da146831632a1) Importer(815301076,1909f56bfc062723c751e8b465ee728b)  -> (artifact id: '48925890b9362b17b30b20714e767006') in 0.010437 seconds
  Import took 0.015841 seconds .

========================================================================
Received Import Request.
  Time since last request: 0.000146 seconds.
  path: Assets/Fantasy Forest Environment Free Sample/Textures/bark01_bottom.tga
  artifactKey: Guid(4e44992d8a199a546aeaaa6ebc63b91a) Importer(815301076,1909f56bfc062723c751e8b465ee728b)
Start importing Assets/Fantasy Forest Environment Free Sample/Textures/bark01_bottom.tga using Guid(4e44992d8a199a546aeaaa6ebc63b91a) Importer(815301076,1909f56bfc062723c751e8b465ee728b)  -> (artifact id: '8285640484042f2de2c2361a81c12b1a') in 0.008294 seconds
  Import took 0.010747 seconds .

========================================================================
Received Import Request.
  Time since last request: 0.000155 seconds.
  path: Assets/BrokenVector/FreeLowPolyPack/Textures/Colorsheet Rock Grey.png
  artifactKey: Guid(6eb1476b439514548903a089becbf46a) Importer(815301076,1909f56bfc062723c751e8b465ee728b)
Start importing Assets/BrokenVector/FreeLowPolyPack/Textures/Colorsheet Rock Grey.png using Guid(6eb1476b439514548903a089becbf46a) Importer(815301076,1909f56bfc062723c751e8b465ee728b)  -> (artifact id: '0002614fe900f61fa2e2f7c4343adefc') in 0.005446 seconds
  Import took 0.011702 seconds .

========================================================================
Received Import Request.
  Time since last request: 0.000558 seconds.
  path: Assets/IL3DN/Graphics/Textures/IL3DN_Grass_03.psd
  artifactKey: Guid(3ab525614e685014da4ff51a15e353f9) Importer(815301076,1909f56bfc062723c751e8b465ee728b)
Start importing Assets/IL3DN/Graphics/Textures/IL3DN_Grass_03.psd using Guid(3ab525614e685014da4ff51a15e353f9) Importer(815301076,1909f56bfc062723c751e8b465ee728b)  -> (artifact id: '056c3a1d389b06f346d260895875bd6e') in 0.007817 seconds
  Import took 0.011259 seconds .

========================================================================
Received Import Request.
  Time since last request: 0.000188 seconds.
  path: Assets/BrokenVector/FreeLowPolyPack/Textures/Colorsheet Tree Normal.png
  artifactKey: Guid(8ba8b94b5ab0c214fa2810a7df98a1a9) Importer(815301076,1909f56bfc062723c751e8b465ee728b)
Start importing Assets/BrokenVector/FreeLowPolyPack/Textures/Colorsheet Tree Normal.png using Guid(8ba8b94b5ab0c214fa2810a7df98a1a9) Importer(815301076,1909f56bfc062723c751e8b465ee728b)  -> (artifact id: '46663347b0a49f191533bc057eeccee6') in 0.010434 seconds
  Import took 0.012554 seconds .

========================================================================
Received Import Request.
  Time since last request: 0.000149 seconds.
  path: Assets/Fantasy Forest Environment Free Sample/Textures/tree_branches.png
  artifactKey: Guid(1d49d1e2d8a2b97478e3e0355dbf3a07) Importer(815301076,1909f56bfc062723c751e8b465ee728b)
Start importing Assets/Fantasy Forest Environment Free Sample/Textures/tree_branches.png using Guid(1d49d1e2d8a2b97478e3e0355dbf3a07) Importer(815301076,1909f56bfc062723c751e8b465ee728b)  -> (artifact id: '2833647b447400c570f86c987791634f') in 0.015654 seconds
  Import took 0.018199 seconds .

========================================================================
Received Import Request.
  Time since last request: 0.000130 seconds.
  path: Assets/IL3DN/Graphics/Textures/IL3DN_Grass_01.psd
  artifactKey: Guid(a73c218e0d8156240a793d22710686d1) Importer(815301076,1909f56bfc062723c751e8b465ee728b)
Start importing Assets/IL3DN/Graphics/Textures/IL3DN_Grass_01.psd using Guid(a73c218e0d8156240a793d22710686d1) Importer(815301076,1909f56bfc062723c751e8b465ee728b)  -> (artifact id: '6dc01158e2d5a1a438ba87889996613c') in 0.008062 seconds
  Import took 0.010358 seconds .

========================================================================
Received Import Request.
  Time since last request: 0.000165 seconds.
  path: Assets/Fantasy Forest Environment Free Sample/Scenes/New Terrain.asset
  artifactKey: Guid(02bc0e2176f6a4e4ea3faf0c622664cf) Importer(815301076,1909f56bfc062723c751e8b465ee728b)
Start importing Assets/Fantasy Forest Environment Free Sample/Scenes/New Terrain.asset using Guid(02bc0e2176f6a4e4ea3faf0c622664cf) Importer(815301076,1909f56bfc062723c751e8b465ee728b)  -> (artifact id: '135ed4d2a1e7726d4ea354cfab23a00e') in 0.089590 seconds
  Import took 0.093507 seconds .

========================================================================
Received Import Request.
  Time since last request: 0.000166 seconds.
  path: Assets/Fox/Textures/T_Fox_BC.png
  artifactKey: Guid(79796825a2ee329439a7e85260061098) Importer(815301076,1909f56bfc062723c751e8b465ee728b)
Start importing Assets/Fox/Textures/T_Fox_BC.png using Guid(79796825a2ee329439a7e85260061098) Importer(815301076,1909f56bfc062723c751e8b465ee728b)  -> (artifact id: '6e21563d21ac6f20885aa597630961e5') in 0.017816 seconds
  Import took 0.022845 seconds .

========================================================================
Received Import Request.
  Time since last request: 0.000159 seconds.
  path: Assets/IL3DN/Graphics/Textures/IL3DN_WindNoise.psd
  artifactKey: Guid(e5055e0d246bd1047bdb28057a93753c) Importer(815301076,1909f56bfc062723c751e8b465ee728b)
Start importing Assets/IL3DN/Graphics/Textures/IL3DN_WindNoise.psd using Guid(e5055e0d246bd1047bdb28057a93753c) Importer(815301076,1909f56bfc062723c751e8b465ee728b)  -> (artifact id: '979dfc8eb36749c889a6617936f2b89a') in 0.006986 seconds
  Import took 0.009543 seconds .

========================================================================
Received Import Request.
  Time since last request: 0.000132 seconds.
  path: Assets/BrokenVector/FreeLowPolyPack/Textures/Colorsheet Fence Brown.png
  artifactKey: Guid(d63761f76a7a53b43b47dd37908310e3) Importer(815301076,1909f56bfc062723c751e8b465ee728b)
Start importing Assets/BrokenVector/FreeLowPolyPack/Textures/Colorsheet Fence Brown.png using Guid(d63761f76a7a53b43b47dd37908310e3) Importer(815301076,1909f56bfc062723c751e8b465ee728b)  -> (artifact id: '97d3c1665382810a092e9e257582042b') in 0.007920 seconds
  Import took 0.010505 seconds .

========================================================================
Received Import Request.
  Time since last request: 0.000147 seconds.
  path: Assets/IL3DN/Graphics/Textures/IL3DN_FX_GradientRadial.psd
  artifactKey: Guid(f28423396372f574b88e3b41854652e8) Importer(815301076,1909f56bfc062723c751e8b465ee728b)
Start importing Assets/IL3DN/Graphics/Textures/IL3DN_FX_GradientRadial.psd using Guid(f28423396372f574b88e3b41854652e8) Importer(815301076,1909f56bfc062723c751e8b465ee728b)  -> (artifact id: '05948be95320337e9e1e561fb4e7c00d') in 0.013211 seconds
  Import took 0.015373 seconds .

========================================================================
Received Import Request.
  Time since last request: 0.000162 seconds.
  path: Assets/Fantasy Forest Environment Free Sample/Textures/grass01.tga
  artifactKey: Guid(6c41a2cea80b4fc499bac2a6c14a4514) Importer(815301076,1909f56bfc062723c751e8b465ee728b)
Start importing Assets/Fantasy Forest Environment Free Sample/Textures/grass01.tga using Guid(6c41a2cea80b4fc499bac2a6c14a4514) Importer(815301076,1909f56bfc062723c751e8b465ee728b)  -> (artifact id: '3e22a85068eee52886c39cc2e8fb7a5d') in 0.005567 seconds
  Import took 0.009113 seconds .

========================================================================
Received Import Request.
  Time since last request: 0.030906 seconds.
  path: Assets/IL3DN/Graphics/Textures/IL3DN_FX_GradientRadial.psd
  artifactKey: Guid(f28423396372f574b88e3b41854652e8) Importer(815301076,1909f56bfc062723c751e8b465ee728b)
Start importing Assets/IL3DN/Graphics/Textures/IL3DN_FX_GradientRadial.psd using Guid(f28423396372f574b88e3b41854652e8) Importer(815301076,1909f56bfc062723c751e8b465ee728b)  -> (artifact id: '05948be95320337e9e1e561fb4e7c00d') in 0.008560 seconds
  Import took 0.011091 seconds .

========================================================================
Received Prepare
Registering precompiled user dll's ...
Registered in 0.003156 seconds.
Begin MonoManager ReloadAssembly
Native extension for WindowsStandalone target not found
Refreshing native plugins compatible for Editor in 5.27 ms, found 0 plugins.
Preloading 0 native plugins for Editor in 0.00 ms.
Invoked RoslynAnalysisRunner static constructor.
RoslynAnalysisRunner will not be running.
RoslynAnalysisRunner has terminated.
Mono: successfully reloaded assembly
- Completed reload, in  2.219 seconds
Platform modules already initialized, skipping
Refreshing native plugins compatible for Editor in 1.31 ms, found 0 plugins.
Preloading 0 native plugins for Editor in 0.00 ms.
Unloading 1209 Unused Serialized files (Serialized files now loaded: 0)
System memory in use before: 71.9 MB.
System memory in use after: 71.5 MB.

Unloading 6 unused Assets to reduce memory usage. Loaded Objects now: 1758.
Total: 3.629900 ms (FindLiveObjects: 0.401300 ms CreateObjectMapping: 0.088300 ms MarkObjects: 2.553000 ms  DeleteObjects: 0.582400 ms)

========================================================================
Received Prepare
Registering precompiled user dll's ...
Registered in 0.000611 seconds.
Begin MonoManager ReloadAssembly
Native extension for WindowsStandalone target not found
Refreshing native plugins compatible for Editor in 0.24 ms, found 0 plugins.
Preloading 0 native plugins for Editor in 0.00 ms.
Invoked RoslynAnalysisRunner static constructor.
RoslynAnalysisRunner will not be running.
RoslynAnalysisRunner has terminated.
Mono: successfully reloaded assembly
- Completed reload, in  0.947 seconds
Platform modules already initialized, skipping
Refreshing native plugins compatible for Editor in 0.24 ms, found 0 plugins.
Preloading 0 native plugins for Editor in 0.00 ms.
Unloading 1209 Unused Serialized files (Serialized files now loaded: 0)
System memory in use before: 71.4 MB.
System memory in use after: 71.5 MB.

Unloading 4 unused Assets to reduce memory usage. Loaded Objects now: 1761.
Total: 1.794800 ms (FindLiveObjects: 0.190900 ms CreateObjectMapping: 0.049400 ms MarkObjects: 1.541300 ms  DeleteObjects: 0.012200 ms)

========================================================================
Received Prepare
Registering precompiled user dll's ...
Registered in 0.000836 seconds.
Begin MonoManager ReloadAssembly
Native extension for WindowsStandalone target not found
Refreshing native plugins compatible for Editor in 0.36 ms, found 0 plugins.
Preloading 0 native plugins for Editor in 0.00 ms.
Invoked RoslynAnalysisRunner static constructor.
RoslynAnalysisRunner will not be running.
RoslynAnalysisRunner has terminated.
Mono: successfully reloaded assembly
- Completed reload, in  1.295 seconds
Platform modules already initialized, skipping
Refreshing native plugins compatible for Editor in 0.41 ms, found 0 plugins.
Preloading 0 native plugins for Editor in 0.00 ms.
Unloading 1209 Unused Serialized files (Serialized files now loaded: 0)
System memory in use before: 71.4 MB.
System memory in use after: 71.5 MB.

Unloading 4 unused Assets to reduce memory usage. Loaded Objects now: 1764.
Total: 3.878000 ms (FindLiveObjects: 0.361400 ms CreateObjectMapping: 0.221300 ms MarkObjects: 3.255200 ms  DeleteObjects: 0.037800 ms)

========================================================================
Received Import Request.
  Time since last request: 669.939193 seconds.
  path: ProjectSettings/TagManager.asset
  artifactKey: Guid(00000000000000003000000000000000) Importer(815301076,1909f56bfc062723c751e8b465ee728b)
Start importing ProjectSettings/TagManager.asset using Guid(00000000000000003000000000000000) Importer(815301076,1909f56bfc062723c751e8b465ee728b)  -> (artifact id: 'fdd6c378442a0f653efda70cf10aa5c6') in 0.016373 seconds
  Import took 0.020130 seconds .

========================================================================
Received Import Request.
  Time since last request: 0.002103 seconds.
  path: ProjectSettings/TagManager.asset
  artifactKey: Guid(00000000000000003000000000000000) Importer(815301076,1909f56bfc062723c751e8b465ee728b)
Start importing ProjectSettings/TagManager.asset using Guid(00000000000000003000000000000000) Importer(815301076,1909f56bfc062723c751e8b465ee728b)  -> (artifact id: 'fdd6c378442a0f653efda70cf10aa5c6') in 0.001748 seconds
  Import took 0.004324 seconds .

========================================================================
Received Prepare
Registering precompiled user dll's ...
Registered in 0.001010 seconds.
Begin MonoManager ReloadAssembly
Native extension for WindowsStandalone target not found
Refreshing native plugins compatible for Editor in 0.40 ms, found 0 plugins.
Preloading 0 native plugins for Editor in 0.00 ms.
Invoked RoslynAnalysisRunner static constructor.
RoslynAnalysisRunner will not be running.
RoslynAnalysisRunner has terminated.
Mono: successfully reloaded assembly
- Completed reload, in  1.450 seconds
Platform modules already initialized, skipping
Refreshing native plugins compatible for Editor in 0.28 ms, found 0 plugins.
Preloading 0 native plugins for Editor in 0.00 ms.
Unloading 1209 Unused Serialized files (Serialized files now loaded: 0)
System memory in use before: 71.4 MB.
System memory in use after: 71.5 MB.

Unloading 6 unused Assets to reduce memory usage. Loaded Objects now: 1767.
Total: 7.597000 ms (FindLiveObjects: 1.029300 ms CreateObjectMapping: 0.198500 ms MarkObjects: 6.337900 ms  DeleteObjects: 0.019300 ms)

========================================================================
Received Prepare
Registering precompiled user dll's ...
Registered in 0.003552 seconds.
Begin MonoManager ReloadAssembly
Native extension for WindowsStandalone target not found
Refreshing native plugins compatible for Editor in 0.24 ms, found 0 plugins.
Preloading 0 native plugins for Editor in 0.00 ms.
Invoked RoslynAnalysisRunner static constructor.
RoslynAnalysisRunner will not be running.
RoslynAnalysisRunner has terminated.
Mono: successfully reloaded assembly
- Completed reload, in  0.906 seconds
Platform modules already initialized, skipping
Refreshing native plugins compatible for Editor in 0.27 ms, found 0 plugins.
Preloading 0 native plugins for Editor in 0.00 ms.
Unloading 1209 Unused Serialized files (Serialized files now loaded: 0)
System memory in use before: 71.4 MB.
System memory in use after: 71.5 MB.

Unloading 4 unused Assets to reduce memory usage. Loaded Objects now: 1770.
Total: 2.764800 ms (FindLiveObjects: 0.164300 ms CreateObjectMapping: 0.046100 ms MarkObjects: 2.435300 ms  DeleteObjects: 0.114900 ms)

========================================================================
Received Prepare
Registering precompiled user dll's ...
Registered in 0.000671 seconds.
Begin MonoManager ReloadAssembly
Native extension for WindowsStandalone target not found
Refreshing native plugins compatible for Editor in 0.52 ms, found 0 plugins.
Preloading 0 native plugins for Editor in 0.00 ms.
Invoked RoslynAnalysisRunner static constructor.
RoslynAnalysisRunner will not be running.
RoslynAnalysisRunner has terminated.
Mono: successfully reloaded assembly
- Completed reload, in  0.861 seconds
Platform modules already initialized, skipping
Refreshing native plugins compatible for Editor in 0.59 ms, found 0 plugins.
Preloading 0 native plugins for Editor in 0.00 ms.
Unloading 1209 Unused Serialized files (Serialized files now loaded: 0)
System memory in use before: 71.5 MB.
System memory in use after: 71.6 MB.

Unloading 4 unused Assets to reduce memory usage. Loaded Objects now: 1773.
Total: 1.589000 ms (FindLiveObjects: 0.170300 ms CreateObjectMapping: 0.048600 ms MarkObjects: 1.353500 ms  DeleteObjects: 0.015300 ms)

========================================================================
Received Import Request.
  Time since last request: 964.525042 seconds.
  path: Assets/sahne.prefab
  artifactKey: Guid(dbbf81258bd16df43abaf83446e7a6ea) Importer(815301076,1909f56bfc062723c751e8b465ee728b)
Start importing Assets/sahne.prefab using Guid(dbbf81258bd16df43abaf83446e7a6ea) Importer(815301076,1909f56bfc062723c751e8b465ee728b)  -> (artifact id: 'a3442c4cf810a21234d72efe787d9df9') in 0.131444 seconds
  Import took 0.137453 seconds .

========================================================================
Received Prepare
Registering precompiled user dll's ...
Registered in 0.000586 seconds.
Begin MonoManager ReloadAssembly
Native extension for WindowsStandalone target not found
Refreshing native plugins compatible for Editor in 0.69 ms, found 0 plugins.
Preloading 0 native plugins for Editor in 0.00 ms.
Invoked RoslynAnalysisRunner static constructor.
RoslynAnalysisRunner will not be running.
RoslynAnalysisRunner has terminated.
Mono: successfully reloaded assembly
- Completed reload, in  0.868 seconds
Platform modules already initialized, skipping
Refreshing native plugins compatible for Editor in 0.23 ms, found 0 plugins.
Preloading 0 native plugins for Editor in 0.00 ms.
Unloading 1209 Unused Serialized files (Serialized files now loaded: 0)
System memory in use before: 72.4 MB.
System memory in use after: 72.5 MB.

Unloading 4 unused Assets to reduce memory usage. Loaded Objects now: 1777.
Total: 2.854400 ms (FindLiveObjects: 1.027600 ms CreateObjectMapping: 0.206000 ms MarkObjects: 1.599000 ms  DeleteObjects: 0.016400 ms)

========================================================================
Received Import Request.
  Time since last request: 397.987620 seconds.
  path: Assets/sahne.prefab
  artifactKey: Guid(dbbf81258bd16df43abaf83446e7a6ea) Importer(815301076,1909f56bfc062723c751e8b465ee728b)
Start importing Assets/sahne.prefab using Guid(dbbf81258bd16df43abaf83446e7a6ea) Importer(815301076,1909f56bfc062723c751e8b465ee728b)  -> (artifact id: 'b2241899c9a33a9187e542e6e057ca44') in 0.124545 seconds
  Import took 0.132067 seconds .

========================================================================
Received Import Request.
  Time since last request: 76.646172 seconds.
  path: Assets/Sahne_Hareket.cs
  artifactKey: Guid(75e5af51d8d78d64197dbd7120d270f2) Importer(815301076,1909f56bfc062723c751e8b465ee728b)
Start importing Assets/Sahne_Hareket.cs using Guid(75e5af51d8d78d64197dbd7120d270f2) Importer(815301076,1909f56bfc062723c751e8b465ee728b)  -> (artifact id: '5ff5fb527ff3441be3d67d3d1d5a10a3') in 0.001412 seconds
  Import took 0.039137 seconds .

========================================================================
Received Prepare
Registering precompiled user dll's ...
Registered in 0.000714 seconds.
Begin MonoManager ReloadAssembly
Native extension for WindowsStandalone target not found
Refreshing native plugins compatible for Editor in 0.27 ms, found 0 plugins.
Preloading 0 native plugins for Editor in 0.00 ms.
Invoked RoslynAnalysisRunner static constructor.
RoslynAnalysisRunner will not be running.
RoslynAnalysisRunner has terminated.
Mono: successfully reloaded assembly
- Completed reload, in  0.945 seconds
Platform modules already initialized, skipping
Refreshing native plugins compatible for Editor in 0.24 ms, found 0 plugins.
Preloading 0 native plugins for Editor in 0.00 ms.
Unloading 1210 Unused Serialized files (Serialized files now loaded: 0)
System memory in use before: 73.2 MB.
System memory in use after: 73.3 MB.

Unloading 4 unused Assets to reduce memory usage. Loaded Objects now: 1783.
Total: 2.050400 ms (FindLiveObjects: 0.255200 ms CreateObjectMapping: 0.070000 ms MarkObjects: 1.709200 ms  DeleteObjects: 0.014700 ms)

========================================================================
Received Prepare
Registering precompiled user dll's ...
Registered in 0.000810 seconds.
Begin MonoManager ReloadAssembly
Native extension for WindowsStandalone target not found
Refreshing native plugins compatible for Editor in 0.27 ms, found 0 plugins.
Preloading 0 native plugins for Editor in 0.00 ms.
Invoked RoslynAnalysisRunner static constructor.
RoslynAnalysisRunner will not be running.
RoslynAnalysisRunner has terminated.
Mono: successfully reloaded assembly
- Completed reload, in  0.959 seconds
Platform modules already initialized, skipping
Refreshing native plugins compatible for Editor in 0.23 ms, found 0 plugins.
Preloading 0 native plugins for Editor in 0.00 ms.
Unloading 1210 Unused Serialized files (Serialized files now loaded: 0)
System memory in use before: 73.3 MB.
System memory in use after: 73.4 MB.

Unloading 4 unused Assets to reduce memory usage. Loaded Objects now: 1786.
Total: 2.030000 ms (FindLiveObjects: 0.201000 ms CreateObjectMapping: 0.051700 ms MarkObjects: 1.760000 ms  DeleteObjects: 0.015100 ms)

========================================================================
Received Prepare
Registering precompiled user dll's ...
Registered in 0.000509 seconds.
Begin MonoManager ReloadAssembly
Native extension for WindowsStandalone target not found
Refreshing native plugins compatible for Editor in 0.27 ms, found 0 plugins.
Preloading 0 native plugins for Editor in 0.00 ms.
Invoked RoslynAnalysisRunner static constructor.
RoslynAnalysisRunner will not be running.
RoslynAnalysisRunner has terminated.
Mono: successfully reloaded assembly
- Completed reload, in  0.810 seconds
Platform modules already initialized, skipping
Refreshing native plugins compatible for Editor in 0.32 ms, found 0 plugins.
Preloading 0 native plugins for Editor in 0.00 ms.
Unloading 1210 Unused Serialized files (Serialized files now loaded: 0)
System memory in use before: 73.3 MB.
System memory in use after: 73.4 MB.

Unloading 4 unused Assets to reduce memory usage. Loaded Objects now: 1789.
Total: 3.200000 ms (FindLiveObjects: 0.213800 ms CreateObjectMapping: 0.060200 ms MarkObjects: 2.839200 ms  DeleteObjects: 0.083600 ms)

========================================================================
Received Prepare
Registering precompiled user dll's ...
Registered in 0.000493 seconds.
Begin MonoManager ReloadAssembly
Native extension for WindowsStandalone target not found
Refreshing native plugins compatible for Editor in 0.25 ms, found 0 plugins.
Preloading 0 native plugins for Editor in 0.00 ms.
Invoked RoslynAnalysisRunner static constructor.
RoslynAnalysisRunner will not be running.
RoslynAnalysisRunner has terminated.
Mono: successfully reloaded assembly
- Completed reload, in  0.795 seconds
Platform modules already initialized, skipping
Refreshing native plugins compatible for Editor in 0.27 ms, found 0 plugins.
Preloading 0 native plugins for Editor in 0.00 ms.
Unloading 1210 Unused Serialized files (Serialized files now loaded: 0)
System memory in use before: 73.3 MB.
System memory in use after: 73.4 MB.

Unloading 4 unused Assets to reduce memory usage. Loaded Objects now: 1792.
Total: 1.599400 ms (FindLiveObjects: 0.171900 ms CreateObjectMapping: 0.037500 ms MarkObjects: 1.376900 ms  DeleteObjects: 0.012200 ms)

========================================================================
Received Prepare
Registering precompiled user dll's ...
Registered in 0.000524 seconds.
Begin MonoManager ReloadAssembly
Native extension for WindowsStandalone target not found
Refreshing native plugins compatible for Editor in 0.23 ms, found 0 plugins.
Preloading 0 native plugins for Editor in 0.00 ms.
Invoked RoslynAnalysisRunner static constructor.
RoslynAnalysisRunner will not be running.
RoslynAnalysisRunner has terminated.
Mono: successfully reloaded assembly
- Completed reload, in  0.843 seconds
Platform modules already initialized, skipping
Refreshing native plugins compatible for Editor in 0.25 ms, found 0 plugins.
Preloading 0 native plugins for Editor in 0.00 ms.
Unloading 1210 Unused Serialized files (Serialized files now loaded: 0)
System memory in use before: 73.3 MB.
System memory in use after: 73.4 MB.

Unloading 4 unused Assets to reduce memory usage. Loaded Objects now: 1795.
Total: 1.871900 ms (FindLiveObjects: 0.203400 ms CreateObjectMapping: 0.041800 ms MarkObjects: 1.611000 ms  DeleteObjects: 0.014900 ms)

AssetImportWorkerClient::OnTransportError - code=2 error=End of file
